Phase-5 full-training run: results/hardening/reinforce_tight_seed13
  init_seed=13  batch_size=16
  curriculum: [(20, 120, 80), (50, 200, 120), (100, 300, 200)]
  validation pool: 20 seeds (every 25 updates)
  [update    0] stage=0 mean_return= +4.013  loss= -0.0021  entropy=1.7822  steps=2047
    [val @ update   25] mean= +79.833 (std 18.840, n=20) best-so-far= +79.833 *
  [update   25] stage=0 mean_return= +1.574  loss= -0.0431  entropy=1.7746  steps=51926
    [val @ update   50] mean= +79.833 (std 18.840, n=20) best-so-far= +79.833  
  [update   50] stage=0 mean_return=+13.608  loss= -0.0613  entropy=1.7213  steps=99092
    [val @ update   75] mean= +79.833 (std 18.840, n=20) best-so-far= +79.833  
  [update   75] stage=0 mean_return=+13.997  loss= +0.0100  entropy=1.6487  steps=145156
    [val @ update  100] mean= +79.833 (std 18.840, n=20) best-so-far= +79.833  
  [update  100] stage=1 mean_return=+33.655  loss= -0.1537  entropy=1.3772  steps=212493
    [val @ update  125] mean= +79.833 (std 18.840, n=20) best-so-far= +79.833  
  [update  125] stage=1 mean_return=+34.466  loss= -0.1125  entropy=1.2816  steps=295763
    [val @ update  150] mean= +79.833 (std 18.840, n=20) best-so-far= +79.833  
  [update  150] stage=1 mean_return=+36.353  loss= -0.0332  entropy=1.0420  steps=371736
    [val @ update  175] mean= +79.833 (std 18.840, n=20) best-so-far= +79.833  
  [update  175] stage=1 mean_return=+29.971  loss= +0.4722  entropy=0.9681  steps=441020
    [val @ update  200] mean= +79.833 (std 18.840, n=20) best-so-far= +79.833  
  [update  200] stage=2 mean_return=+65.756  loss= -0.2411  entropy=1.0531  steps=521059
    [val @ update  225] mean= +79.833 (std 18.840, n=20) best-so-far= +79.833  
  [update  225] stage=2 mean_return=+94.394  loss= +0.0628  entropy=0.9607  steps=649834
    [val @ update  250] mean= +79.833 (std 18.840, n=20) best-so-far= +79.833  
  [update  250] stage=2 mean_return=+57.751  loss= +0.2705  entropy=0.8682  steps=765006
    [val @ update  275] mean= +79.833 (std 18.840, n=20) best-so-far= +79.833  
  [update  275] stage=2 mean_return=+83.442  loss= +0.0544  entropy=0.9008  steps=885079
    [val @ update  300] mean= +79.833 (std 18.840, n=20) best-so-far= +79.833  
  [update  300] stage=2 mean_return=+92.587  loss= +0.0750  entropy=0.8258  steps=998376
    [val @ update  325] mean= +79.833 (std 18.840, n=20) best-so-far= +79.833  
  [update  325] stage=2 mean_return=+85.704  loss= +0.0546  entropy=0.8830  steps=1115138
    [val @ update  350] mean= +79.833 (std 18.840, n=20) best-so-far= +79.833  
  [update  350] stage=2 mean_return=+85.657  loss= -0.1342  entropy=0.6631  steps=1227092
    [val @ update  375] mean= +79.833 (std 18.840, n=20) best-so-far= +79.833  
  [update  375] stage=2 mean_return=+62.796  loss= -0.0578  entropy=0.5949  steps=1331528
    [val @ update  400] mean= +79.833 (std 18.840, n=20) best-so-far= +79.833  
---
Done. 400 updates, 1442090 env steps, best val=+79.833 @ update 25  (4734.9 s wall-clock)
